2023-11-12 00:19:51,490 DEBUG: This is line: 29 [in ./notes_app:31]
2023-11-12 00:19:51,697 DEBUG: This is line: 29 [in /home/jack/Desktop/NOTES_APPLICATION/notes_app:31]
2023-11-12 00:44:11,170 DEBUG: This is line: 29 [in /home/jack/Desktop/NOTES_APPLICATION/notes_app:31]
2023-11-12 00:55:54,033 DEBUG: This is line: 29 [in /home/jack/Desktop/NOTES_APPLICATION/notes_app:31]
2023-11-27 06:51:01,222 DEBUG: This is line: 29 [in /home/jack/Desktop/flask_notes_app/app.py:31]
2023-11-27 06:51:01,409 DEBUG: This is line: 29 [in /home/jack/Desktop/flask_notes_app/app.py:31]
2023-11-29 05:13:48,029 DEBUG: This is line: 29 [in /home/jack/Desktop/flask_notes_app/app.py:31]
2023-11-29 05:13:48,351 DEBUG: This is line: 29 [in /home/jack/Desktop/flask_notes_app/app.py:31]
2023-11-30 07:20:33,085 DEBUG: This is line: 29 [in /home/jack/Desktop/flask_notes_app/app.py:31]
2023-11-30 07:20:33,264 DEBUG: This is line: 29 [in /home/jack/Desktop/flask_notes_app/app.py:31]
2024-01-14 10:21:03,075 DEBUG: This is line: 29 [in /app/app.py:31]
2024-01-14 10:21:04,036 DEBUG: This is line: 29 [in /app/app.py:31]
2024-01-14 10:28:29,444 DEBUG: This is line: 29 [in /app/app.py:31]
2024-01-14 10:28:30,012 DEBUG: This is line: 29 [in /app/app.py:31]
2024-01-14 11:04:56,611 DEBUG: This is line: 29 [in /app/app.py:31]
2024-01-14 11:04:56,976 DEBUG: This is line: 29 [in /app/app.py:31]
2024-01-14 11:10:53,040 DEBUG: This is line: 29 [in /app/app.py:31]
2024-01-14 11:10:53,274 DEBUG: This is line: 29 [in /app/app.py:31]
2024-01-14 11:14:25,756 DEBUG: This is line: 29 [in /app/app.py:31]
2024-01-14 11:14:25,972 DEBUG: This is line: 29 [in /app/app.py:31]
2024-02-18 10:27:40,204 DEBUG: This is line: 29 [in /mnt/HDD500/flask_notes_app/app/./app.py:31]
2024-02-18 10:27:40,450 DEBUG: This is line: 29 [in /mnt/HDD500/flask_notes_app/app/app.py:31]
2024-02-18 11:26:50,999 DEBUG: This is line: 29 [in /mnt/HDD500/flask_notes_app/app/app.py:31]
2024-02-18 11:27:44,113 DEBUG: This is line: 29 [in /mnt/HDD500/flask_notes_app/app/app.py:31]
2024-02-18 11:28:40,476 DEBUG: This is line: 29 [in /mnt/HDD500/flask_notes_app/app/./app2.py:32]
2024-02-18 11:28:40,709 DEBUG: This is line: 29 [in /mnt/HDD500/flask_notes_app/app/app2.py:32]
2024-02-18 12:23:24,122 DEBUG: This is line: 29 [in /mnt/HDD500/flask_notes_app/app/app2.py:32]
2024-02-18 12:23:24,305 DEBUG: This is line: 29 [in /mnt/HDD500/flask_notes_app/app/app2.py:32]
2024-02-18 12:30:00,163 DEBUG: This is line: 29 [in /mnt/HDD500/flask_notes_app/app/app2.py:32]
2024-02-18 12:30:00,349 DEBUG: This is line: 29 [in /mnt/HDD500/flask_notes_app/app/app2.py:32]
